Time resolution is 1 ps
Error: error on x1
Time: 10 ns  Iteration: 0  Process: /simulated_priority_encoder_tb/test_process  File: C:/Users/C28Asher.Speicher/Documents/ece383_code/hw1/Priority_Encoder/Priority_Encoder.srcs/sources_1/new/simulated_priority_encoder_tb.vhd
Error: error on x2
Time: 20 ns  Iteration: 0  Process: /simulated_priority_encoder_tb/test_process  File: C:/Users/C28Asher.Speicher/Documents/ece383_code/hw1/Priority_Encoder/Priority_Encoder.srcs/sources_1/new/simulated_priority_encoder_tb.vhd
Error: error on x3
Time: 30 ns  Iteration: 0  Process: /simulated_priority_encoder_tb/test_process  File: C:/Users/C28Asher.Speicher/Documents/ece383_code/hw1/Priority_Encoder/Priority_Encoder.srcs/sources_1/new/simulated_priority_encoder_tb.vhd
Error: error on x4
Time: 40 ns  Iteration: 0  Process: /simulated_priority_encoder_tb/test_process  File: C:/Users/C28Asher.Speicher/Documents/ece383_code/hw1/Priority_Encoder/Priority_Encoder.srcs/sources_1/new/simulated_priority_encoder_tb.vhd
Error: error on x5
Time: 50 ns  Iteration: 0  Process: /simulated_priority_encoder_tb/test_process  File: C:/Users/C28Asher.Speicher/Documents/ece383_code/hw1/Priority_Encoder/Priority_Encoder.srcs/sources_1/new/simulated_priority_encoder_tb.vhd
Error: error on x6
Time: 60 ns  Iteration: 0  Process: /simulated_priority_encoder_tb/test_process  File: C:/Users/C28Asher.Speicher/Documents/ece383_code/hw1/Priority_Encoder/Priority_Encoder.srcs/sources_1/new/simulated_priority_encoder_tb.vhd
Error: error on x7
Time: 70 ns  Iteration: 0  Process: /simulated_priority_encoder_tb/test_process  File: C:/Users/C28Asher.Speicher/Documents/ece383_code/hw1/Priority_Encoder/Priority_Encoder.srcs/sources_1/new/simulated_priority_encoder_tb.vhd
Error: error on x8
Time: 80 ns  Iteration: 0  Process: /simulated_priority_encoder_tb/test_process  File: C:/Users/C28Asher.Speicher/Documents/ece383_code/hw1/Priority_Encoder/Priority_Encoder.srcs/sources_1/new/simulated_priority_encoder_tb.vhd
Error: error on x9
Time: 90 ns  Iteration: 0  Process: /simulated_priority_encoder_tb/test_process  File: C:/Users/C28Asher.Speicher/Documents/ece383_code/hw1/Priority_Encoder/Priority_Encoder.srcs/sources_1/new/simulated_priority_encoder_tb.vhd
Error: error on xA
Time: 100 ns  Iteration: 0  Process: /simulated_priority_encoder_tb/test_process  File: C:/Users/C28Asher.Speicher/Documents/ece383_code/hw1/Priority_Encoder/Priority_Encoder.srcs/sources_1/new/simulated_priority_encoder_tb.vhd
Error: error on xB
Time: 110 ns  Iteration: 0  Process: /simulated_priority_encoder_tb/test_process  File: C:/Users/C28Asher.Speicher/Documents/ece383_code/hw1/Priority_Encoder/Priority_Encoder.srcs/sources_1/new/simulated_priority_encoder_tb.vhd
Error: error on xC
Time: 120 ns  Iteration: 0  Process: /simulated_priority_encoder_tb/test_process  File: C:/Users/C28Asher.Speicher/Documents/ece383_code/hw1/Priority_Encoder/Priority_Encoder.srcs/sources_1/new/simulated_priority_encoder_tb.vhd
Error: error on xD
Time: 130 ns  Iteration: 0  Process: /simulated_priority_encoder_tb/test_process  File: C:/Users/C28Asher.Speicher/Documents/ece383_code/hw1/Priority_Encoder/Priority_Encoder.srcs/sources_1/new/simulated_priority_encoder_tb.vhd
Error: error on xE
Time: 140 ns  Iteration: 0  Process: /simulated_priority_encoder_tb/test_process  File: C:/Users/C28Asher.Speicher/Documents/ece383_code/hw1/Priority_Encoder/Priority_Encoder.srcs/sources_1/new/simulated_priority_encoder_tb.vhd
Error: error on xF
Time: 150 ns  Iteration: 0  Process: /simulated_priority_encoder_tb/test_process  File: C:/Users/C28Asher.Speicher/Documents/ece383_code/hw1/Priority_Encoder/Priority_Encoder.srcs/sources_1/new/simulated_priority_encoder_tb.vhd
